<?xml version="1.0" encoding="UTF-8"?>
<!-- Generated by org.testng.reporters.JUnitXMLReporter -->
<testsuite ignored="0" hostname="HSATP-HG1CGG3" failures="0" tests="2" name="testGuru" time="19.2" errors="0"
           timestamp="2021-12-25T13:40:41 AMT">
    <testcase classname="tests.seleniumTests.TestRegisterUser" name="checkMercuryToursPageTitle" time="11.992"/>
    <testcase classname="tests.seleniumTests.TestRegisterUser" name="registerNewUser" time="3.065"/>
</testsuite> <!-- testGuru -->
